TN:
SF:E:\Projetos\VotaCampinas\app\app.js
FN:2,(anonymous_1)
FN:86,skipIfAuthenticated
FN:92,loginRequired
FN:98,(anonymous_4)
FNF:4
FNH:2
FNDA:4,(anonymous_1)
FNDA:0,skipIfAuthenticated
FNDA:0,loginRequired
FNDA:4,(anonymous_4)
DA:1,1
DA:3,4
DA:5,4
DA:7,4
DA:78,4
DA:79,4
DA:80,4
DA:86,1
DA:87,0
DA:88,0
DA:92,1
DA:93,0
DA:94,0
DA:99,4
DA:100,0
LF:15
LH:10
BRDA:87,1,0,0
BRDA:87,1,1,0
BRDA:93,2,0,0
BRDA:93,2,1,0
BRDA:99,3,0,0
BRDA:99,3,1,4
BRF:6
BRH:1
end_of_record
TN:
SF:E:\Projetos\VotaCampinas\app\controllers\contact.js
FN:2,(anonymous_1)
FN:3,(anonymous_2)
FN:5,(anonymous_3)
FN:10,(anonymous_4)
FNF:4
FNH:0
FNDA:0,(anonymous_1)
FNDA:0,(anonymous_2)
FNDA:0,(anonymous_3)
FNDA:0,(anonymous_4)
DA:1,1
DA:3,0
DA:4,0
DA:6,0
DA:11,0
LF:5
LH:1
BRDA:12,1,0,0
BRDA:12,1,1,0
BRF:2
BRH:0
end_of_record
TN:
SF:E:\Projetos\VotaCampinas\app\controllers\forgot.js
FN:2,(anonymous_1)
FN:3,(anonymous_2)
FN:5,(anonymous_3)
FN:10,(anonymous_4)
FNF:4
FNH:0
FNDA:0,(anonymous_1)
FNDA:0,(anonymous_2)
FNDA:0,(anonymous_3)
FNDA:0,(anonymous_4)
DA:1,1
DA:3,0
DA:4,0
DA:6,0
DA:11,0
LF:5
LH:1
BRDA:12,1,0,0
BRDA:12,1,1,0
BRF:2
BRH:0
end_of_record
TN:
SF:E:\Projetos\VotaCampinas\app\controllers\header.js
FN:2,(anonymous_1)
FN:5,(anonymous_2)
FN:9,(anonymous_3)
FN:13,(anonymous_4)
FN:17,(anonymous_5)
FNF:5
FNH:0
FNDA:0,(anonymous_1)
FNDA:0,(anonymous_2)
FNDA:0,(anonymous_3)
FNDA:0,(anonymous_4)
FNDA:0,(anonymous_5)
DA:1,1
DA:3,0
DA:5,0
DA:6,0
DA:9,0
DA:10,0
DA:13,0
DA:14,0
DA:17,0
DA:18,0
DA:19,0
DA:20,0
DA:21,0
LF:13
LH:1
BRF:0
BRH:0
end_of_record
TN:
SF:E:\Projetos\VotaCampinas\app\controllers\login.js
FN:2,(anonymous_1)
FN:3,(anonymous_2)
FN:5,(anonymous_3)
FN:10,(anonymous_4)
FN:17,(anonymous_5)
FN:19,(anonymous_6)
FN:24,(anonymous_7)
FNF:7
FNH:0
FNDA:0,(anonymous_1)
FNDA:0,(anonymous_2)
FNDA:0,(anonymous_3)
FNDA:0,(anonymous_4)
FNDA:0,(anonymous_5)
FNDA:0,(anonymous_6)
FNDA:0,(anonymous_7)
DA:1,1
DA:3,0
DA:4,0
DA:6,0
DA:7,0
DA:8,0
DA:11,0
DA:17,0
DA:18,0
DA:20,0
DA:21,0
DA:22,0
DA:25,0
DA:26,0
DA:29,0
DA:30,0
LF:16
LH:1
BRDA:12,1,0,0
BRDA:12,1,1,0
BRDA:25,2,0,0
BRDA:25,2,1,0
BRDA:29,3,0,0
BRDA:29,3,1,0
BRF:6
BRH:0
end_of_record
TN:
SF:E:\Projetos\VotaCampinas\app\controllers\profile.js
FN:2,(anonymous_1)
FN:5,(anonymous_2)
FN:7,(anonymous_3)
FN:14,(anonymous_4)
FN:21,(anonymous_5)
FN:23,(anonymous_6)
FN:28,(anonymous_7)
FN:35,(anonymous_8)
FN:37,(anonymous_9)
FN:42,(anonymous_10)
FN:49,(anonymous_11)
FN:51,(anonymous_12)
FN:56,(anonymous_13)
FN:63,(anonymous_14)
FN:65,(anonymous_15)
FN:70,(anonymous_16)
FNF:16
FNH:0
FNDA:0,(anonymous_1)
FNDA:0,(anonymous_2)
FNDA:0,(anonymous_3)
FNDA:0,(anonymous_4)
FNDA:0,(anonymous_5)
FNDA:0,(anonymous_6)
FNDA:0,(anonymous_7)
FNDA:0,(anonymous_8)
FNDA:0,(anonymous_9)
FNDA:0,(anonymous_10)
FNDA:0,(anonymous_11)
FNDA:0,(anonymous_12)
FNDA:0,(anonymous_13)
FNDA:0,(anonymous_14)
FNDA:0,(anonymous_15)
FNDA:0,(anonymous_16)
DA:1,1
DA:3,0
DA:5,0
DA:6,0
DA:8,0
DA:9,0
DA:10,0
DA:15,0
DA:21,0
DA:22,0
DA:24,0
DA:29,0
DA:35,0
DA:36,0
DA:38,0
DA:43,0
DA:44,0
DA:49,0
DA:50,0
DA:52,0
DA:57,0
DA:63,0
DA:64,0
DA:66,0
DA:67,0
DA:68,0
DA:71,0
LF:27
LH:1
BRDA:16,1,0,0
BRDA:16,1,1,0
BRDA:30,2,0,0
BRDA:30,2,1,0
BRF:4
BRH:0
end_of_record
TN:
SF:E:\Projetos\VotaCampinas\app\controllers\reset.js
FN:2,(anonymous_1)
FN:6,(anonymous_2)
FN:8,(anonymous_3)
FN:15,(anonymous_4)
FNF:4
FNH:4
FNDA:4,(anonymous_1)
FNDA:4,(anonymous_2)
FNDA:2,(anonymous_3)
FNDA:2,(anonymous_4)
DA:1,1
DA:4,4
DA:6,4
DA:7,4
DA:9,2
DA:13,2
DA:16,2
LF:7
LH:7
BRDA:17,1,0,1
BRDA:17,1,1,1
BRF:2
BRH:2
end_of_record
TN:
SF:E:\Projetos\VotaCampinas\app\controllers\signup.js
FN:2,(anonymous_1)
FN:3,(anonymous_2)
FN:5,(anonymous_3)
FN:11,(anonymous_4)
FN:18,(anonymous_5)
FN:20,(anonymous_6)
FN:25,(anonymous_7)
FNF:7
FNH:0
FNDA:0,(anonymous_1)
FNDA:0,(anonymous_2)
FNDA:0,(anonymous_3)
FNDA:0,(anonymous_4)
FNDA:0,(anonymous_5)
FNDA:0,(anonymous_6)
FNDA:0,(anonymous_7)
DA:1,1
DA:3,0
DA:4,0
DA:6,0
DA:7,0
DA:8,0
DA:9,0
DA:12,0
DA:18,0
DA:19,0
DA:21,0
DA:22,0
DA:23,0
DA:26,0
DA:27,0
DA:30,0
DA:31,0
LF:17
LH:1
BRDA:13,1,0,0
BRDA:13,1,1,0
BRDA:26,2,0,0
BRDA:26,2,1,0
BRDA:30,3,0,0
BRDA:30,3,1,0
BRF:6
BRH:0
end_of_record
TN:
SF:E:\Projetos\VotaCampinas\app\services\account.js
FN:2,(anonymous_1)
FN:4,(anonymous_2)
FN:7,(anonymous_3)
FN:10,(anonymous_4)
FN:13,(anonymous_5)
FN:16,(anonymous_6)
FNF:6
FNH:1
FNDA:4,(anonymous_1)
FNDA:0,(anonymous_2)
FNDA:0,(anonymous_3)
FNDA:0,(anonymous_4)
FNDA:0,(anonymous_5)
FNDA:0,(anonymous_6)
DA:1,1
DA:3,4
DA:5,0
DA:8,0
DA:11,0
DA:14,0
DA:17,0
LF:7
LH:2
BRF:0
BRH:0
end_of_record
TN:
SF:E:\Projetos\VotaCampinas\app\services\contact.js
FN:2,(anonymous_1)
FN:4,(anonymous_2)
FNF:2
FNH:0
FNDA:0,(anonymous_1)
FNDA:0,(anonymous_2)
DA:1,1
DA:3,0
DA:5,0
LF:3
LH:1
BRF:0
BRH:0
end_of_record
TN:
SF:E:\Projetos\VotaCampinas\app\services\partidos.js
FN:1,(anonymous_1)
FN:8,Partidos
FN:13,obterTodos
FN:18,obterTodosComplete
FNF:4
FNH:1
FNDA:1,(anonymous_1)
FNDA:0,Partidos
FNDA:0,obterTodos
FNDA:0,obterTodosComplete
DA:1,1
DA:4,1
DA:8,1
DA:9,0
DA:13,1
DA:14,0
DA:18,1
DA:19,0
LF:8
LH:5
BRF:0
BRH:0
end_of_record
